<?xml version="1.0" encoding="UTF-8"?>
<!-- Generated by org.testng.reporters.JUnitXMLReporter -->
<testsuite ignored="0" hostname="LAPTOP-SB5APSLQ" failures="0" tests="2" name="Default test" time="36.059" errors="0" timestamp="2022-12-02T12:33:45 IST">
  <testcase classname="neostoxtestclass.Neostoxclassusingpropertiesclass" name="validateAcbalance" time="0.06"/>
  <testcase classname="neostoxtestclass.Neostoxclassusingpropertiesclass" name="validateusername" time="4.234"/>
</testsuite> <!-- Default test -->
