<?xml version="1.0" encoding="UTF-8"?>
<testng-results ignored="0" total="2" passed="2" failed="0" skipped="0">
  <reporter-output>
    <line>
      <![CDATA[reading value of urlfrom property file]]>
    </line>
    <line>
      <![CDATA[waiting for 1000milis]]>
    </line>
    <line>
      <![CDATA[launching browser with url]]>
    </line>
    <line>
      <![CDATA[reading value of mobnumfrom property file]]>
    </line>
    <line>
      <![CDATA[waiting for 1000milis]]>
    </line>
    <line>
      <![CDATA[sending mobile Number]]>
    </line>
    <line>
      <![CDATA[clicking on signin button]]>
    </line>
    <line>
      <![CDATA[reading value of passwordfrom property file]]>
    </line>
    <line>
      <![CDATA[waiting for 1000milis]]>
    </line>
    <line>
      <![CDATA[Entering password]]>
    </line>
    <line>
      <![CDATA[clicking on submit button]]>
    </line>
    <line>
      <![CDATA[waiting for 3000milis]]>
    </line>
    <line>
      <![CDATA[hanndling popup]]>
    </line>
    <line>
      <![CDATA[waiting for 1000milis]]>
    </line>
    <line>
      <![CDATA[checking available balance]]>
    </line>
    <line>
      <![CDATA[checking available balance]]>
    </line>
    <line>
      <![CDATA[account balnce isRs.5,00,000.00]]>
    </line>
    <line>
      <![CDATA[TCvalidateAcbalance is completed successfully]]>
    </line>
    <line>
      <![CDATA[logging out of application]]>
    </line>
    <line>
      <![CDATA[waiting for 1000milis]]>
    </line>
    <line>
      <![CDATA[reading value of mobnumfrom property file]]>
    </line>
    <line>
      <![CDATA[waiting for 1000milis]]>
    </line>
    <line>
      <![CDATA[sending mobile Number]]>
    </line>
    <line>
      <![CDATA[clicking on signin button]]>
    </line>
    <line>
      <![CDATA[reading value of passwordfrom property file]]>
    </line>
    <line>
      <![CDATA[waiting for 1000milis]]>
    </line>
    <line>
      <![CDATA[Entering password]]>
    </line>
    <line>
      <![CDATA[clicking on submit button]]>
    </line>
    <line>
      <![CDATA[There is no popup ]]>
    </line>
    <line>
      <![CDATA[getting actual userid]]>
    </line>
    <line>
      <![CDATA[reading value of usernamefrom property file]]>
    </line>
    <line>
      <![CDATA[getting actual userid]]>
    </line>
    <line>
      <![CDATA[taking screenshot ]]>
    </line>
    <line>
      <![CDATA[actual and expected userid is matching tc is passed]]>
    </line>
    <line>
      <![CDATA[TCvalidateusername is completed successfully]]>
    </line>
    <line>
      <![CDATA[logging out of application]]>
    </line>
    <line>
      <![CDATA[waiting for 1000milis]]>
    </line>
  </reporter-output>
  <suite started-at="2022-12-02T12:33:09 IST" name="Default suite" finished-at="2022-12-02T12:33:45 IST" duration-ms="36059">
    <groups>
    </groups>
    <test started-at="2022-12-02T12:33:09 IST" name="Default test" finished-at="2022-12-02T12:33:45 IST" duration-ms="36059">
      <class name="neostoxtestclass.Neostoxclassusingpropertiesclass">
        <test-method is-config="true" signature="launchneostox()[pri:0, instance:neostoxtestclass.Neostoxclassusingpropertiesclass@66f57048]" started-at="2022-12-02T12:33:09 IST" name="launchneostox" finished-at="2022-12-02T12:33:15 IST" duration-ms="6753" status="PASS">
          <reporter-output>
            <line>
              <![CDATA[reading value of urlfrom property file]]>
            </line>
            <line>
              <![CDATA[waiting for 1000milis]]>
            </line>
            <line>
              <![CDATA[launching browser with url]]>
            </line>
          </reporter-output>
        </test-method> <!-- launchneostox -->
        <test-method is-config="true" signature="logintoneostox()[pri:0, instance:neostoxtestclass.Neostoxclassusingpropertiesclass@66f57048]" started-at="2022-12-02T12:33:16 IST" name="logintoneostox" finished-at="2022-12-02T12:33:30 IST" duration-ms="14855" status="PASS">
          <reporter-output>
            <line>
              <![CDATA[reading value of mobnumfrom property file]]>
            </line>
            <line>
              <![CDATA[waiting for 1000milis]]>
            </line>
            <line>
              <![CDATA[sending mobile Number]]>
            </line>
            <line>
              <![CDATA[clicking on signin button]]>
            </line>
            <line>
              <![CDATA[reading value of passwordfrom property file]]>
            </line>
            <line>
              <![CDATA[waiting for 1000milis]]>
            </line>
            <line>
              <![CDATA[Entering password]]>
            </line>
            <line>
              <![CDATA[clicking on submit button]]>
            </line>
            <line>
              <![CDATA[waiting for 3000milis]]>
            </line>
            <line>
              <![CDATA[hanndling popup]]>
            </line>
          </reporter-output>
        </test-method> <!-- logintoneostox -->
        <test-method signature="validateAcbalance()[pri:0, instance:neostoxtestclass.Neostoxclassusingpropertiesclass@66f57048]" started-at="2022-12-02T12:33:30 IST" name="validateAcbalance" finished-at="2022-12-02T12:33:30 IST" duration-ms="60" status="PASS">
          <reporter-output>
            <line>
              <![CDATA[waiting for 1000milis]]>
            </line>
            <line>
              <![CDATA[checking available balance]]>
            </line>
            <line>
              <![CDATA[checking available balance]]>
            </line>
            <line>
              <![CDATA[account balnce isRs.5,00,000.00]]>
            </line>
            <line>
              <![CDATA[TCvalidateAcbalance is completed successfully]]>
            </line>
          </reporter-output>
        </test-method> <!-- validateAcbalance -->
        <test-method is-config="true" signature="closingbrowser()[pri:0, instance:neostoxtestclass.Neostoxclassusingpropertiesclass@66f57048]" started-at="2022-12-02T12:33:30 IST" name="closingbrowser" finished-at="2022-12-02T12:33:31 IST" duration-ms="146" status="PASS">
          <reporter-output>
            <line>
              <![CDATA[logging out of application]]>
            </line>
            <line>
              <![CDATA[waiting for 1000milis]]>
            </line>
          </reporter-output>
        </test-method> <!-- closingbrowser -->
        <test-method is-config="true" signature="logintoneostox()[pri:0, instance:neostoxtestclass.Neostoxclassusingpropertiesclass@66f57048]" started-at="2022-12-02T12:33:31 IST" name="logintoneostox" finished-at="2022-12-02T12:33:40 IST" duration-ms="9790" status="PASS">
          <reporter-output>
            <line>
              <![CDATA[reading value of mobnumfrom property file]]>
            </line>
            <line>
              <![CDATA[waiting for 1000milis]]>
            </line>
            <line>
              <![CDATA[sending mobile Number]]>
            </line>
            <line>
              <![CDATA[clicking on signin button]]>
            </line>
            <line>
              <![CDATA[reading value of passwordfrom property file]]>
            </line>
            <line>
              <![CDATA[waiting for 1000milis]]>
            </line>
            <line>
              <![CDATA[Entering password]]>
            </line>
            <line>
              <![CDATA[clicking on submit button]]>
            </line>
            <line>
              <![CDATA[There is no popup ]]>
            </line>
          </reporter-output>
        </test-method> <!-- logintoneostox -->
        <test-method signature="validateusername()[pri:0, instance:neostoxtestclass.Neostoxclassusingpropertiesclass@66f57048]" started-at="2022-12-02T12:33:40 IST" name="validateusername" finished-at="2022-12-02T12:33:45 IST" duration-ms="4234" status="PASS">
          <reporter-output>
            <line>
              <![CDATA[getting actual userid]]>
            </line>
            <line>
              <![CDATA[reading value of usernamefrom property file]]>
            </line>
            <line>
              <![CDATA[getting actual userid]]>
            </line>
            <line>
              <![CDATA[taking screenshot ]]>
            </line>
            <line>
              <![CDATA[actual and expected userid is matching tc is passed]]>
            </line>
            <line>
              <![CDATA[TCvalidateusername is completed successfully]]>
            </line>
          </reporter-output>
        </test-method> <!-- validateusername -->
        <test-method is-config="true" signature="closingbrowser()[pri:0, instance:neostoxtestclass.Neostoxclassusingpropertiesclass@66f57048]" started-at="2022-12-02T12:33:45 IST" name="closingbrowser" finished-at="2022-12-02T12:33:45 IST" duration-ms="162" status="PASS">
          <reporter-output>
            <line>
              <![CDATA[logging out of application]]>
            </line>
            <line>
              <![CDATA[waiting for 1000milis]]>
            </line>
          </reporter-output>
        </test-method> <!-- closingbrowser -->
      </class> <!-- neostoxtestclass.Neostoxclassusingpropertiesclass -->
    </test> <!-- Default test -->
  </suite> <!-- Default suite -->
</testng-results>
